<?xml version="1.0" encoding="UTF-8"?>
<!-- Generated by org.testng.reporters.JUnitReportReporter -->
<testsuite hostname="LAPTOP-E78CH7HQ" failures="0" tests="1" name="TestNGWebsiteTest" time="45.464" errors="0" timestamp="2020-07-19T19:38:52 IST" skipped="0">
  <testcase classname="TestNGWebsiteTest" name="Login" time="45.464"/>
  <system-out/>
</testsuite> <!-- TestNGWebsiteTest -->
